[2025-10-16T09:31:18.621Z] Starting backend server...
[2025-10-16T09:31:18.639Z] Backend process started with PID: 19572
[2025-10-16T09:31:18.640Z] Waiting 2000ms for backend to start...
[2025-10-16T09:31:20.707Z] API endpoint failed: http://localhost:3000/api/lesson-templates - Status: 500
[2025-10-16T09:32:57.487Z] API endpoints check failed.
[2025-10-16T09:33:02.856Z] Starting backend server...
[2025-10-16T09:33:02.873Z] Backend process started with PID: 4244
[2025-10-16T09:33:02.873Z] Waiting 2000ms for backend to start...
[2025-10-16T09:33:04.947Z] API endpoint failed: http://localhost:3000/api/lesson-templates - Status: 500
[2025-10-16T09:33:07.438Z] API endpoints check failed.
[2025-10-16T09:33:12.805Z] Backend exited with code null
[2025-10-16T09:33:18.089Z] Starting backend server...
[2025-10-16T09:33:18.108Z] Backend process started with PID: 11680
[2025-10-16T09:33:18.110Z] Waiting 2000ms for backend to start...
[2025-10-16T09:33:20.145Z] API endpoint failed: http://localhost:3000/api/lesson-templates - Status: 500
[2025-10-16T09:33:44.591Z] API endpoints check failed.
[2025-10-16T09:35:30.953Z] Starting backend server...
[2025-10-16T09:35:30.972Z] Backend process started with PID: 10756
[2025-10-16T09:35:30.973Z] Waiting 2000ms for backend to start...
[2025-10-16T09:35:33.015Z] API endpoint failed: http://localhost:3000/api/lesson-templates - Status: 500
[2025-10-16T09:35:38.503Z] API endpoints check failed.
[2025-10-16T09:36:33.500Z] Starting backend server...
[2025-10-16T09:36:33.515Z] Backend process started with PID: 10600
[2025-10-16T09:36:33.516Z] Waiting 2000ms for backend to start...
[2025-10-16T10:23:07.872Z] Starting backend server...
[2025-10-16T10:23:07.895Z] Backend process started with PID: 12412
[2025-10-16T10:23:07.896Z] Waiting 3000ms for backend to start...
[2025-10-16T10:23:10.983Z] API endpoint failed: http://localhost:3000/api/lesson-templates - Error: connect ECONNREFUSED ::1:3000
[2025-10-16T10:23:10.993Z] API endpoint failed: http://localhost:3000/api/attendance - Error: connect ECONNREFUSED ::1:3000
[2025-10-16T10:23:11.000Z] API endpoint failed: http://localhost:3000/api/scheduled-lessons - Error: connect ECONNREFUSED ::1:3000
[2025-10-16T10:23:11.007Z] API endpoint failed: http://localhost:3000/api/sections/stats - Error: connect ECONNREFUSED ::1:3000
[2025-10-16T10:23:11.014Z] API endpoint failed: http://localhost:3000/api/backup-status - Error: connect ECONNREFUSED ::1:3000
[2025-10-16T10:23:20.298Z] API endpoints check failed.
[2025-10-16T10:57:03.899Z] Backend exited with code null
